{"level":"info","message":"Starting image resizing","timestamp":"2025-09-06T13:05:02.003Z"}
{"level":"info","message":"Finished image resizing","timestamp":"2025-09-06T13:05:02.142Z"}
{"level":"info","message":"Transformed image: xbox-480_480.webp","timestamp":"2025-09-06T13:05:02.197Z"}
{"level":"info","message":"Transformed image: ukulele-480_480.webp","timestamp":"2025-09-06T13:05:02.433Z"}
{"level":"info","message":"Transformed image: tired-480_480.webp","timestamp":"2025-09-06T13:05:02.437Z"}
{"level":"info","message":"Transformed image: worker-480_480.webp","timestamp":"2025-09-06T13:05:02.493Z"}
{"level":"info","message":"Transformed image: solid-state-pic08-480_480.webp","timestamp":"2025-09-06T13:05:02.664Z"}
{"level":"info","message":"Transformed image: summer-480_480.webp","timestamp":"2025-09-06T13:05:02.738Z"}
{"level":"info","message":"Transformed image: wild-forest-480_480.webp","timestamp":"2025-09-06T13:05:02.819Z"}
{"level":"info","message":"Transformed image: solid-state-pic07-480_480.webp","timestamp":"2025-09-06T13:05:02.842Z"}
{"level":"info","message":"Transformed image: sunny-beach-480_480.webp","timestamp":"2025-09-06T13:05:02.868Z"}
{"level":"info","message":"Transformed image: solid-state-pic06-480_480.webp","timestamp":"2025-09-06T13:05:02.901Z"}
{"level":"info","message":"Transformed image: solid-state-pic05-480_480.webp","timestamp":"2025-09-06T13:05:02.980Z"}
{"level":"info","message":"Transformed image: solid-state-pic04-480_480.webp","timestamp":"2025-09-06T13:05:03.018Z"}
{"level":"info","message":"Transformed image: solid-state-pic03-480_480.webp","timestamp":"2025-09-06T13:05:03.032Z"}
{"level":"info","message":"Transformed image: solid-state-pic02-480_480.webp","timestamp":"2025-09-06T13:05:03.074Z"}
{"level":"info","message":"Transformed image: solid-state-pic01-480_480.webp","timestamp":"2025-09-06T13:05:03.136Z"}
{"level":"info","message":"Transformed image: school-480_480.webp","timestamp":"2025-09-06T13:05:03.246Z"}
{"level":"info","message":"Transformed image: solid-state-bg-480_480.webp","timestamp":"2025-09-06T13:05:03.264Z"}
{"level":"info","message":"Transformed image: scared-480_480.webp","timestamp":"2025-09-06T13:05:03.347Z"}
{"level":"info","message":"Transformed image: sad-480_480.webp","timestamp":"2025-09-06T13:05:03.419Z"}
{"level":"info","message":"Transformed image: poster-480_480.webp","timestamp":"2025-09-06T13:05:03.427Z"}
{"level":"info","message":"Transformed image: quiz-bg-480_480.webp","timestamp":"2025-09-06T13:05:03.577Z"}
{"level":"info","message":"Transformed image: ps-480_480.webp","timestamp":"2025-09-06T13:05:03.577Z"}
{"level":"info","message":"Transformed image: outside-480_480.webp","timestamp":"2025-09-06T13:05:03.733Z"}
{"level":"info","message":"Transformed image: landing-bg-480_480.webp","timestamp":"2025-09-06T13:05:03.857Z"}
{"level":"info","message":"Transformed image: lorem-image-480_480.webp","timestamp":"2025-09-06T13:05:03.878Z"}
{"level":"info","message":"Transformed image: jerry-thomas-blue-blazer-bw-480_480.webp","timestamp":"2025-09-06T13:05:03.903Z"}
{"level":"info","message":"Transformed image: image-qr-code-480_480.webp","timestamp":"2025-09-06T13:05:04.027Z"}
{"level":"info","message":"Transformed image: hurt-480_480.webp","timestamp":"2025-09-06T13:05:04.144Z"}
{"level":"info","message":"Transformed image: mountains-clouds-480_480.webp","timestamp":"2025-09-06T13:05:04.173Z"}
{"level":"info","message":"Transformed image: home-480_480.webp","timestamp":"2025-09-06T13:05:04.175Z"}
{"level":"info","message":"Transformed image: hey-480_480.webp","timestamp":"2025-09-06T13:05:04.262Z"}
{"level":"info","message":"Transformed image: happy-480_480.webp","timestamp":"2025-09-06T13:05:04.302Z"}
{"level":"info","message":"Transformed image: generic-component-library--resume-timeline-480_480.webp","timestamp":"2025-09-06T13:05:04.358Z"}
{"level":"info","message":"Transformed image: grandma-480_480.webp","timestamp":"2025-09-06T13:05:04.444Z"}
{"level":"info","message":"Transformed image: food-480_480.webp","timestamp":"2025-09-06T13:05:04.529Z"}
{"level":"info","message":"Transformed image: final-bg-480_480.webp","timestamp":"2025-09-06T13:05:04.677Z"}
{"level":"info","message":"Transformed image: falling-numbers-480_480.webp","timestamp":"2025-09-06T13:05:04.693Z"}
{"level":"info","message":"Transformed image: editorial-pic11-480_480.webp","timestamp":"2025-09-06T13:05:04.784Z"}
{"level":"info","message":"Transformed image: editorial-pic10-480_480.webp","timestamp":"2025-09-06T13:05:04.926Z"}
{"level":"info","message":"Transformed image: editorial-pic09-480_480.webp","timestamp":"2025-09-06T13:05:04.946Z"}
{"level":"info","message":"Transformed image: explore-the-world-480_480.webp","timestamp":"2025-09-06T13:05:04.987Z"}
{"level":"info","message":"Transformed image: editorial-pic08-480_480.webp","timestamp":"2025-09-06T13:05:05.023Z"}
{"level":"info","message":"Transformed image: editorial-pic07-480_480.webp","timestamp":"2025-09-06T13:05:05.167Z"}
{"level":"info","message":"Transformed image: editorial-pic06-480_480.webp","timestamp":"2025-09-06T13:05:05.197Z"}
{"level":"info","message":"Transformed image: editorial-pic05-480_480.webp","timestamp":"2025-09-06T13:05:05.236Z"}
{"level":"info","message":"Transformed image: editorial-pic04-480_480.webp","timestamp":"2025-09-06T13:05:05.272Z"}
{"level":"info","message":"Transformed image: editorial-pic03-480_480.webp","timestamp":"2025-09-06T13:05:05.422Z"}
{"level":"info","message":"Transformed image: editorial-pic02-480_480.webp","timestamp":"2025-09-06T13:05:05.444Z"}
{"level":"info","message":"Transformed image: editorial-pic01-480_480.webp","timestamp":"2025-09-06T13:05:05.480Z"}
{"level":"info","message":"Transformed image: drink-480_480.webp","timestamp":"2025-09-06T13:05:05.518Z"}
{"level":"info","message":"Transformed image: dev-days-matrix-library--password-strength-background-480_480.webp","timestamp":"2025-09-06T13:05:05.823Z"}
{"level":"info","message":"Transformed image: doggy-480_480.webp","timestamp":"2025-09-06T13:05:05.900Z"}
{"level":"info","message":"Transformed image: dev-days-matrix-library--pokedex-480_480.webp","timestamp":"2025-09-06T13:05:05.914Z"}
{"level":"info","message":"Transformed image: dev-days-matrix-library--nasa-apod-480_480.webp","timestamp":"2025-09-06T13:05:05.933Z"}
{"level":"info","message":"Transformed image: dev-days-matrix-library--hoverboard-480_480.webp","timestamp":"2025-09-06T13:05:06.088Z"}
{"level":"info","message":"Transformed image: default-background-480_480.webp","timestamp":"2025-09-06T13:05:06.282Z"}
{"level":"info","message":"Transformed image: city-on-winter-480_480.webp","timestamp":"2025-09-06T13:05:06.291Z"}
{"level":"info","message":"Transformed image: deep-sea-background-480_480.webp","timestamp":"2025-09-06T13:05:06.326Z"}
{"level":"info","message":"Transformed image: angry-480_480.webp","timestamp":"2025-09-06T13:05:06.357Z"}
{"level":"info","message":"Transformed image: admin-bg-480_480.webp","timestamp":"2025-09-06T13:05:06.584Z"}
{"level":"info","message":"Transformed image: xbox-960_960.webp","timestamp":"2025-09-06T13:05:06.898Z"}
{"level":"info","message":"Transformed image: ukulele-960_960.webp","timestamp":"2025-09-06T13:05:07.625Z"}
{"level":"info","message":"Transformed image: tired-960_960.webp","timestamp":"2025-09-06T13:05:07.750Z"}
{"level":"info","message":"Transformed image: worker-960_960.webp","timestamp":"2025-09-06T13:05:07.799Z"}
{"level":"info","message":"Transformed image: solid-state-pic08-960_960.webp","timestamp":"2025-09-06T13:05:08.328Z"}
{"level":"info","message":"Transformed image: wild-forest-960_960.webp","timestamp":"2025-09-06T13:05:08.358Z"}
{"level":"info","message":"Transformed image: summer-960_960.webp","timestamp":"2025-09-06T13:05:08.761Z"}
{"level":"info","message":"Transformed image: solid-state-pic07-960_960.webp","timestamp":"2025-09-06T13:05:08.837Z"}
{"level":"info","message":"Transformed image: solid-state-pic06-960_960.webp","timestamp":"2025-09-06T13:05:08.853Z"}
{"level":"info","message":"Transformed image: sunny-beach-960_960.webp","timestamp":"2025-09-06T13:05:08.968Z"}
{"level":"info","message":"Transformed image: solid-state-pic05-960_960.webp","timestamp":"2025-09-06T13:05:09.256Z"}
{"level":"info","message":"Transformed image: solid-state-pic04-960_960.webp","timestamp":"2025-09-06T13:05:09.352Z"}
{"level":"info","message":"Transformed image: solid-state-pic03-960_960.webp","timestamp":"2025-09-06T13:05:09.358Z"}
{"level":"info","message":"Transformed image: solid-state-pic02-960_960.webp","timestamp":"2025-09-06T13:05:09.485Z"}
{"level":"info","message":"Transformed image: solid-state-pic01-960_960.webp","timestamp":"2025-09-06T13:05:09.746Z"}
{"level":"info","message":"Transformed image: school-960_960.webp","timestamp":"2025-09-06T13:05:10.038Z"}
{"level":"info","message":"Transformed image: solid-state-bg-960_960.webp","timestamp":"2025-09-06T13:05:10.105Z"}
{"level":"info","message":"Transformed image: scared-960_960.webp","timestamp":"2025-09-06T13:05:10.492Z"}
{"level":"info","message":"Transformed image: poster-960_960.webp","timestamp":"2025-09-06T13:05:10.625Z"}
{"level":"info","message":"Transformed image: sad-960_960.webp","timestamp":"2025-09-06T13:05:10.734Z"}
{"level":"info","message":"Transformed image: ps-960_960.webp","timestamp":"2025-09-06T13:05:11.058Z"}
{"level":"info","message":"Transformed image: quiz-bg-960_960.webp","timestamp":"2025-09-06T13:05:11.231Z"}
{"level":"info","message":"Transformed image: outside-960_960.webp","timestamp":"2025-09-06T13:05:11.767Z"}
{"level":"info","message":"Transformed image: lorem-image-960_960.webp","timestamp":"2025-09-06T13:05:12.018Z"}
{"level":"info","message":"Transformed image: landing-bg-960_960.webp","timestamp":"2025-09-06T13:05:12.224Z"}
{"level":"info","message":"Transformed image: jerry-thomas-blue-blazer-bw-960_960.webp","timestamp":"2025-09-06T13:05:12.405Z"}
{"level":"info","message":"Transformed image: mountains-clouds-960_960.webp","timestamp":"2025-09-06T13:05:12.458Z"}
{"level":"info","message":"Transformed image: image-qr-code-960_960.webp","timestamp":"2025-09-06T13:05:12.553Z"}
{"level":"info","message":"Transformed image: hurt-960_960.webp","timestamp":"2025-09-06T13:05:13.074Z"}
{"level":"info","message":"Transformed image: hey-960_960.webp","timestamp":"2025-09-06T13:05:13.075Z"}
{"level":"info","message":"Transformed image: happy-960_960.webp","timestamp":"2025-09-06T13:05:13.082Z"}
{"level":"info","message":"Transformed image: generic-component-library--resume-timeline-960_960.webp","timestamp":"2025-09-06T13:05:13.353Z"}
{"level":"info","message":"Transformed image: home-960_960.webp","timestamp":"2025-09-06T13:05:13.441Z"}
{"level":"info","message":"Transformed image: grandma-960_960.webp","timestamp":"2025-09-06T13:05:14.053Z"}
{"level":"info","message":"Transformed image: food-960_960.webp","timestamp":"2025-09-06T13:05:14.087Z"}
{"level":"info","message":"Transformed image: falling-numbers-960_960.webp","timestamp":"2025-09-06T13:05:14.512Z"}
{"level":"info","message":"Transformed image: final-bg-960_960.webp","timestamp":"2025-09-06T13:05:14.553Z"}
{"level":"info","message":"Transformed image: editorial-pic11-960_960.webp","timestamp":"2025-09-06T13:05:14.985Z"}
{"level":"info","message":"Transformed image: editorial-pic09-960_960.webp","timestamp":"2025-09-06T13:05:15.349Z"}
{"level":"info","message":"Transformed image: editorial-pic10-960_960.webp","timestamp":"2025-09-06T13:05:15.458Z"}
{"level":"info","message":"Transformed image: explore-the-world-960_960.webp","timestamp":"2025-09-06T13:05:15.581Z"}
{"level":"info","message":"Transformed image: editorial-pic08-960_960.webp","timestamp":"2025-09-06T13:05:15.738Z"}
{"level":"info","message":"Transformed image: editorial-pic07-960_960.webp","timestamp":"2025-09-06T13:05:16.114Z"}
{"level":"info","message":"Transformed image: editorial-pic06-960_960.webp","timestamp":"2025-09-06T13:05:16.328Z"}
{"level":"info","message":"Transformed image: editorial-pic05-960_960.webp","timestamp":"2025-09-06T13:05:16.414Z"}
{"level":"info","message":"Transformed image: editorial-pic04-960_960.webp","timestamp":"2025-09-06T13:05:16.573Z"}
{"level":"info","message":"Transformed image: editorial-pic03-960_960.webp","timestamp":"2025-09-06T13:05:16.978Z"}
{"level":"info","message":"Transformed image: editorial-pic02-960_960.webp","timestamp":"2025-09-06T13:05:17.149Z"}
{"level":"info","message":"Transformed image: editorial-pic01-960_960.webp","timestamp":"2025-09-06T13:05:17.234Z"}
{"level":"info","message":"Transformed image: drink-960_960.webp","timestamp":"2025-09-06T13:05:17.478Z"}
{"level":"info","message":"Transformed image: dev-days-matrix-library--password-strength-background-960_960.webp","timestamp":"2025-09-06T13:05:18.274Z"}
{"level":"info","message":"Transformed image: dev-days-matrix-library--pokedex-960_960.webp","timestamp":"2025-09-06T13:05:18.539Z"}
{"level":"info","message":"Transformed image: doggy-960_960.webp","timestamp":"2025-09-06T13:05:18.602Z"}
{"level":"info","message":"Transformed image: dev-days-matrix-library--nasa-apod-960_960.webp","timestamp":"2025-09-06T13:05:18.675Z"}
{"level":"info","message":"Transformed image: dev-days-matrix-library--hoverboard-960_960.webp","timestamp":"2025-09-06T13:05:18.865Z"}
{"level":"info","message":"Transformed image: angry-960_960.webp","timestamp":"2025-09-06T13:05:19.620Z"}
{"level":"info","message":"Transformed image: default-background-960_960.webp","timestamp":"2025-09-06T13:05:19.749Z"}
{"level":"info","message":"Transformed image: deep-sea-background-960_960.webp","timestamp":"2025-09-06T13:05:19.856Z"}
{"level":"info","message":"Transformed image: city-on-winter-960_960.webp","timestamp":"2025-09-06T13:05:20.006Z"}
{"level":"info","message":"Transformed image: admin-bg-960_960.webp","timestamp":"2025-09-06T13:05:20.728Z"}
{"level":"info","message":"Transformed image: xbox-1280_1280.webp","timestamp":"2025-09-06T13:05:20.836Z"}
{"level":"info","message":"Transformed image: tired-1280_1280.webp","timestamp":"2025-09-06T13:05:22.368Z"}
{"level":"info","message":"Transformed image: ukulele-1280_1280.webp","timestamp":"2025-09-06T13:05:22.511Z"}
{"level":"info","message":"Transformed image: worker-1280_1280.webp","timestamp":"2025-09-06T13:05:22.692Z"}
{"level":"info","message":"Transformed image: wild-forest-1280_1280.webp","timestamp":"2025-09-06T13:05:23.219Z"}
{"level":"info","message":"Transformed image: solid-state-pic08-1280_1280.webp","timestamp":"2025-09-06T13:05:23.617Z"}
{"level":"info","message":"Transformed image: solid-state-pic07-1280_1280.webp","timestamp":"2025-09-06T13:05:24.141Z"}
{"level":"info","message":"Transformed image: summer-1280_1280.webp","timestamp":"2025-09-06T13:05:24.204Z"}
{"level":"info","message":"Transformed image: solid-state-pic06-1280_1280.webp","timestamp":"2025-09-06T13:05:24.489Z"}
{"level":"info","message":"Transformed image: sunny-beach-1280_1280.webp","timestamp":"2025-09-06T13:05:24.923Z"}
{"level":"info","message":"Transformed image: solid-state-pic05-1280_1280.webp","timestamp":"2025-09-06T13:05:25.034Z"}
{"level":"info","message":"Transformed image: solid-state-pic04-1280_1280.webp","timestamp":"2025-09-06T13:05:25.109Z"}
{"level":"info","message":"Transformed image: solid-state-pic03-1280_1280.webp","timestamp":"2025-09-06T13:05:25.400Z"}
{"level":"info","message":"Transformed image: solid-state-pic02-1280_1280.webp","timestamp":"2025-09-06T13:05:25.861Z"}
{"level":"info","message":"Transformed image: solid-state-pic01-1280_1280.webp","timestamp":"2025-09-06T13:05:25.993Z"}
{"level":"info","message":"Transformed image: solid-state-bg-1280_1280.webp","timestamp":"2025-09-06T13:05:26.351Z"}
{"level":"info","message":"Transformed image: school-1280_1280.webp","timestamp":"2025-09-06T13:05:26.564Z"}
{"level":"info","message":"Transformed image: scared-1280_1280.webp","timestamp":"2025-09-06T13:05:27.610Z"}
{"level":"info","message":"Transformed image: sad-1280_1280.webp","timestamp":"2025-09-06T13:05:27.765Z"}
{"level":"info","message":"Transformed image: poster-1280_1280.webp","timestamp":"2025-09-06T13:05:27.915Z"}
{"level":"info","message":"Transformed image: ps-1280_1280.webp","timestamp":"2025-09-06T13:05:28.131Z"}
{"level":"info","message":"Transformed image: quiz-bg-1280_1280.webp","timestamp":"2025-09-06T13:05:28.307Z"}
{"level":"info","message":"Transformed image: lorem-image-1280_1280.webp","timestamp":"2025-09-06T13:05:29.717Z"}
{"level":"info","message":"Transformed image: outside-1280_1280.webp","timestamp":"2025-09-06T13:05:29.854Z"}
{"level":"info","message":"Transformed image: landing-bg-1280_1280.webp","timestamp":"2025-09-06T13:05:30.071Z"}
{"level":"info","message":"Transformed image: image-qr-code-1280_1280.webp","timestamp":"2025-09-06T13:05:30.766Z"}
{"level":"info","message":"Transformed image: mountains-clouds-1280_1280.webp","timestamp":"2025-09-06T13:05:30.776Z"}
{"level":"info","message":"Transformed image: jerry-thomas-blue-blazer-bw-1280_1280.webp","timestamp":"2025-09-06T13:05:31.052Z"}
{"level":"info","message":"Transformed image: hurt-1280_1280.webp","timestamp":"2025-09-06T13:05:31.583Z"}
{"level":"info","message":"Transformed image: hey-1280_1280.webp","timestamp":"2025-09-06T13:05:31.872Z"}
{"level":"info","message":"Transformed image: happy-1280_1280.webp","timestamp":"2025-09-06T13:05:31.902Z"}
{"level":"info","message":"Transformed image: generic-component-library--resume-timeline-1280_1280.webp","timestamp":"2025-09-06T13:05:32.201Z"}
{"level":"info","message":"Transformed image: home-1280_1280.webp","timestamp":"2025-09-06T13:05:32.669Z"}
{"level":"info","message":"Transformed image: grandma-1280_1280.webp","timestamp":"2025-09-06T13:05:33.316Z"}
{"level":"info","message":"Transformed image: food-1280_1280.webp","timestamp":"2025-09-06T13:05:33.684Z"}
{"level":"info","message":"Transformed image: final-bg-1280_1280.webp","timestamp":"2025-09-06T13:05:34.136Z"}
{"level":"info","message":"Transformed image: falling-numbers-1280_1280.webp","timestamp":"2025-09-06T13:05:34.401Z"}
{"level":"info","message":"Transformed image: editorial-pic11-1280_1280.webp","timestamp":"2025-09-06T13:05:35.296Z"}
{"level":"info","message":"Transformed image: editorial-pic09-1280_1280.webp","timestamp":"2025-09-06T13:05:35.754Z"}
{"level":"info","message":"Transformed image: editorial-pic10-1280_1280.webp","timestamp":"2025-09-06T13:05:35.812Z"}
{"level":"info","message":"Transformed image: explore-the-world-1280_1280.webp","timestamp":"2025-09-06T13:05:36.245Z"}
{"level":"info","message":"Transformed image: editorial-pic08-1280_1280.webp","timestamp":"2025-09-06T13:05:36.631Z"}
{"level":"info","message":"Transformed image: editorial-pic07-1280_1280.webp","timestamp":"2025-09-06T13:05:37.191Z"}
{"level":"info","message":"Transformed image: editorial-pic06-1280_1280.webp","timestamp":"2025-09-06T13:05:37.302Z"}
{"level":"info","message":"Transformed image: editorial-pic05-1280_1280.webp","timestamp":"2025-09-06T13:05:37.705Z"}
{"level":"info","message":"Transformed image: editorial-pic04-1280_1280.webp","timestamp":"2025-09-06T13:05:38.050Z"}
{"level":"info","message":"Transformed image: editorial-pic03-1280_1280.webp","timestamp":"2025-09-06T13:05:38.660Z"}
{"level":"info","message":"Transformed image: editorial-pic02-1280_1280.webp","timestamp":"2025-09-06T13:05:38.770Z"}
{"level":"info","message":"Transformed image: editorial-pic01-1280_1280.webp","timestamp":"2025-09-06T13:05:39.101Z"}
{"level":"info","message":"Transformed image: drink-1280_1280.webp","timestamp":"2025-09-06T13:05:39.511Z"}
{"level":"info","message":"Transformed image: dev-days-matrix-library--password-strength-background-1280_1280.webp","timestamp":"2025-09-06T13:05:40.740Z"}
{"level":"info","message":"Transformed image: dev-days-matrix-library--pokedex-1280_1280.webp","timestamp":"2025-09-06T13:05:41.090Z"}
{"level":"info","message":"Transformed image: dev-days-matrix-library--nasa-apod-1280_1280.webp","timestamp":"2025-09-06T13:05:41.459Z"}
{"level":"info","message":"Transformed image: doggy-1280_1280.webp","timestamp":"2025-09-06T13:05:41.590Z"}
{"level":"info","message":"Transformed image: dev-days-matrix-library--hoverboard-1280_1280.webp","timestamp":"2025-09-06T13:05:41.780Z"}
{"level":"info","message":"Transformed image: default-background-1280_1280.webp","timestamp":"2025-09-06T13:05:43.171Z"}
{"level":"info","message":"Transformed image: angry-1280_1280.webp","timestamp":"2025-09-06T13:05:43.172Z"}
{"level":"info","message":"Transformed image: deep-sea-background-1280_1280.webp","timestamp":"2025-09-06T13:05:43.570Z"}
{"level":"info","message":"Transformed image: city-on-winter-1280_1280.webp","timestamp":"2025-09-06T13:05:44.230Z"}
{"level":"info","message":"Transformed image: admin-bg-1280_1280.webp","timestamp":"2025-09-06T13:05:45.221Z"}
{"level":"info","message":"Transformed image: xbox-1920_1920.webp","timestamp":"2025-09-06T13:05:45.279Z"}
{"level":"info","message":"Transformed image: tired-1920_1920.webp","timestamp":"2025-09-06T13:05:48.359Z"}
{"level":"info","message":"Transformed image: ukulele-1920_1920.webp","timestamp":"2025-09-06T13:05:48.834Z"}
{"level":"info","message":"Transformed image: worker-1920_1920.webp","timestamp":"2025-09-06T13:05:49.684Z"}
{"level":"info","message":"Transformed image: solid-state-pic08-1920_1920.webp","timestamp":"2025-09-06T13:05:51.561Z"}
{"level":"info","message":"Transformed image: wild-forest-1920_1920.webp","timestamp":"2025-09-06T13:05:52.044Z"}
{"level":"info","message":"Transformed image: summer-1920_1920.webp","timestamp":"2025-09-06T13:05:52.263Z"}
{"level":"info","message":"Transformed image: solid-state-pic07-1920_1920.webp","timestamp":"2025-09-06T13:05:53.431Z"}
{"level":"info","message":"Transformed image: solid-state-pic06-1920_1920.webp","timestamp":"2025-09-06T13:05:53.945Z"}
{"level":"info","message":"Transformed image: solid-state-pic05-1920_1920.webp","timestamp":"2025-09-06T13:05:54.109Z"}
{"level":"info","message":"Transformed image: sunny-beach-1920_1920.webp","timestamp":"2025-09-06T13:05:54.297Z"}
{"level":"info","message":"Transformed image: solid-state-pic04-1920_1920.webp","timestamp":"2025-09-06T13:05:55.347Z"}
{"level":"info","message":"Transformed image: solid-state-pic03-1920_1920.webp","timestamp":"2025-09-06T13:05:55.862Z"}
{"level":"info","message":"Transformed image: solid-state-pic02-1920_1920.webp","timestamp":"2025-09-06T13:05:56.063Z"}
{"level":"info","message":"Transformed image: solid-state-pic01-1920_1920.webp","timestamp":"2025-09-06T13:05:56.212Z"}
{"level":"info","message":"Transformed image: solid-state-bg-1920_1920.webp","timestamp":"2025-09-06T13:05:57.694Z"}
{"level":"info","message":"Transformed image: school-1920_1920.webp","timestamp":"2025-09-06T13:05:58.317Z"}
{"level":"info","message":"Transformed image: scared-1920_1920.webp","timestamp":"2025-09-06T13:05:59.728Z"}
{"level":"info","message":"Transformed image: sad-1920_1920.webp","timestamp":"2025-09-06T13:05:59.877Z"}
{"level":"info","message":"Transformed image: ps-1920_1920.webp","timestamp":"2025-09-06T13:06:01.164Z"}
{"level":"info","message":"Transformed image: quiz-bg-1920_1920.webp","timestamp":"2025-09-06T13:06:01.920Z"}
{"level":"info","message":"Transformed image: poster-1920_1920.webp","timestamp":"2025-09-06T13:06:02.069Z"}
{"level":"info","message":"Transformed image: outside-1920_1920.webp","timestamp":"2025-09-06T13:06:03.994Z"}
{"level":"info","message":"Transformed image: lorem-image-1920_1920.webp","timestamp":"2025-09-06T13:06:05.107Z"}
{"level":"info","message":"Transformed image: landing-bg-1920_1920.webp","timestamp":"2025-09-06T13:06:06.110Z"}
{"level":"info","message":"Transformed image: image-qr-code-1920_1920.webp","timestamp":"2025-09-06T13:06:07.023Z"}
{"level":"info","message":"Transformed image: mountains-clouds-1920_1920.webp","timestamp":"2025-09-06T13:06:07.677Z"}
{"level":"info","message":"Transformed image: jerry-thomas-blue-blazer-bw-1920_1920.webp","timestamp":"2025-09-06T13:06:08.665Z"}
{"level":"info","message":"Transformed image: hurt-1920_1920.webp","timestamp":"2025-09-06T13:06:09.491Z"}
{"level":"info","message":"Transformed image: hey-1920_1920.webp","timestamp":"2025-09-06T13:06:09.765Z"}
{"level":"info","message":"Transformed image: generic-component-library--resume-timeline-1920_1920.webp","timestamp":"2025-09-06T13:06:10.372Z"}
{"level":"info","message":"Transformed image: happy-1920_1920.webp","timestamp":"2025-09-06T13:06:10.588Z"}
{"level":"info","message":"Transformed image: home-1920_1920.webp","timestamp":"2025-09-06T13:06:10.931Z"}
{"level":"info","message":"Transformed image: grandma-1920_1920.webp","timestamp":"2025-09-06T13:06:13.112Z"}
{"level":"info","message":"Transformed image: food-1920_1920.webp","timestamp":"2025-09-06T13:06:14.017Z"}
{"level":"info","message":"Transformed image: falling-numbers-1920_1920.webp","timestamp":"2025-09-06T13:06:14.553Z"}
{"level":"info","message":"Transformed image: final-bg-1920_1920.webp","timestamp":"2025-09-06T13:06:15.186Z"}
{"level":"info","message":"Transformed image: editorial-pic11-1920_1920.webp","timestamp":"2025-09-06T13:06:17.152Z"}
{"level":"info","message":"Transformed image: editorial-pic10-1920_1920.webp","timestamp":"2025-09-06T13:06:17.840Z"}
{"level":"info","message":"Transformed image: editorial-pic09-1920_1920.webp","timestamp":"2025-09-06T13:06:18.000Z"}
{"level":"info","message":"Transformed image: explore-the-world-1920_1920.webp","timestamp":"2025-09-06T13:06:19.572Z"}
{"level":"info","message":"Transformed image: editorial-pic08-1920_1920.webp","timestamp":"2025-09-06T13:06:19.960Z"}
{"level":"info","message":"Transformed image: editorial-pic07-1920_1920.webp","timestamp":"2025-09-06T13:06:20.640Z"}
{"level":"info","message":"Transformed image: editorial-pic06-1920_1920.webp","timestamp":"2025-09-06T13:06:20.938Z"}
{"level":"info","message":"Transformed image: editorial-pic05-1920_1920.webp","timestamp":"2025-09-06T13:06:22.621Z"}
{"level":"info","message":"Transformed image: editorial-pic04-1920_1920.webp","timestamp":"2025-09-06T13:06:23.086Z"}
{"level":"info","message":"Transformed image: editorial-pic03-1920_1920.webp","timestamp":"2025-09-06T13:06:23.473Z"}
{"level":"info","message":"Transformed image: editorial-pic02-1920_1920.webp","timestamp":"2025-09-06T13:06:24.002Z"}
{"level":"info","message":"Transformed image: editorial-pic01-1920_1920.webp","timestamp":"2025-09-06T13:06:25.628Z"}
{"level":"info","message":"Transformed image: drink-1920_1920.webp","timestamp":"2025-09-06T13:06:26.071Z"}
{"level":"info","message":"Transformed image: dev-days-matrix-library--pokedex-1920_1920.webp","timestamp":"2025-09-06T13:06:28.760Z"}
{"level":"info","message":"Transformed image: dev-days-matrix-library--password-strength-background-1920_1920.webp","timestamp":"2025-09-06T13:06:28.776Z"}
{"level":"info","message":"Transformed image: doggy-1920_1920.webp","timestamp":"2025-09-06T13:06:29.450Z"}
{"level":"info","message":"Transformed image: dev-days-matrix-library--nasa-apod-1920_1920.webp","timestamp":"2025-09-06T13:06:29.687Z"}
{"level":"info","message":"Transformed image: dev-days-matrix-library--hoverboard-1920_1920.webp","timestamp":"2025-09-06T13:06:30.914Z"}
{"level":"info","message":"Transformed image: default-background-1920_1920.webp","timestamp":"2025-09-06T13:06:32.830Z"}
{"level":"info","message":"Transformed image: deep-sea-background-1920_1920.webp","timestamp":"2025-09-06T13:06:33.600Z"}
{"level":"info","message":"Transformed image: angry-1920_1920.webp","timestamp":"2025-09-06T13:06:33.659Z"}
{"level":"info","message":"Transformed image: city-on-winter-1920_1920.webp","timestamp":"2025-09-06T13:06:35.048Z"}
{"level":"info","message":"Transformed image: admin-bg-1920_1920.webp","timestamp":"2025-09-06T13:06:37.374Z"}
{"level":"info","message":"Transformed image: xbox-2560_2560.webp","timestamp":"2025-09-06T13:06:37.703Z"}
{"level":"info","message":"Transformed image: tired-2560_2560.webp","timestamp":"2025-09-06T13:06:43.167Z"}
{"level":"info","message":"Transformed image: ukulele-2560_2560.webp","timestamp":"2025-09-06T13:06:43.732Z"}
{"level":"info","message":"Transformed image: worker-2560_2560.webp","timestamp":"2025-09-06T13:06:44.193Z"}
{"level":"info","message":"Transformed image: solid-state-pic08-2560_2560.webp","timestamp":"2025-09-06T13:06:48.097Z"}
{"level":"info","message":"Transformed image: solid-state-pic07-2560_2560.webp","timestamp":"2025-09-06T13:06:48.893Z"}
{"level":"info","message":"Transformed image: wild-forest-2560_2560.webp","timestamp":"2025-09-06T13:06:48.924Z"}
{"level":"info","message":"Transformed image: solid-state-pic05-2560_2560.webp","timestamp":"2025-09-06T13:06:49.706Z"}
{"level":"info","message":"Transformed image: summer-2560_2560.webp","timestamp":"2025-09-06T13:06:49.902Z"}
{"level":"info","message":"Transformed image: solid-state-pic06-2560_2560.webp","timestamp":"2025-09-06T13:06:52.420Z"}
{"level":"info","message":"Transformed image: solid-state-pic04-2560_2560.webp","timestamp":"2025-09-06T13:06:53.545Z"}
{"level":"info","message":"Transformed image: solid-state-pic03-2560_2560.webp","timestamp":"2025-09-06T13:06:53.725Z"}
{"level":"info","message":"Transformed image: sunny-beach-2560_2560.webp","timestamp":"2025-09-06T13:06:53.854Z"}
{"level":"info","message":"Transformed image: solid-state-pic01-2560_2560.webp","timestamp":"2025-09-06T13:06:54.337Z"}
{"level":"info","message":"Transformed image: solid-state-pic02-2560_2560.webp","timestamp":"2025-09-06T13:06:56.173Z"}
{"level":"info","message":"Transformed image: solid-state-bg-2560_2560.webp","timestamp":"2025-09-06T13:06:58.060Z"}
{"level":"info","message":"Transformed image: school-2560_2560.webp","timestamp":"2025-09-06T13:06:58.420Z"}
{"level":"info","message":"Transformed image: scared-2560_2560.webp","timestamp":"2025-09-06T13:07:00.789Z"}
{"level":"info","message":"Transformed image: sad-2560_2560.webp","timestamp":"2025-09-06T13:07:02.588Z"}
{"level":"info","message":"Transformed image: ps-2560_2560.webp","timestamp":"2025-09-06T13:07:03.337Z"}
{"level":"info","message":"Transformed image: poster-2560_2560.webp","timestamp":"2025-09-06T13:07:05.282Z"}
{"level":"info","message":"Transformed image: quiz-bg-2560_2560.webp","timestamp":"2025-09-06T13:07:05.759Z"}
{"level":"info","message":"Transformed image: outside-2560_2560.webp","timestamp":"2025-09-06T13:07:09.702Z"}
{"level":"info","message":"Transformed image: lorem-image-2560_2560.webp","timestamp":"2025-09-06T13:07:11.620Z"}
{"level":"info","message":"Transformed image: landing-bg-2560_2560.webp","timestamp":"2025-09-06T13:07:12.363Z"}
{"level":"info","message":"Transformed image: mountains-clouds-2560_2560.webp","timestamp":"2025-09-06T13:07:13.830Z"}
{"level":"info","message":"Transformed image: image-qr-code-2560_2560.webp","timestamp":"2025-09-06T13:07:15.392Z"}
{"level":"info","message":"Transformed image: jerry-thomas-blue-blazer-bw-2560_2560.webp","timestamp":"2025-09-06T13:07:16.133Z"}
{"level":"info","message":"Transformed image: hurt-2560_2560.webp","timestamp":"2025-09-06T13:07:18.222Z"}
{"level":"info","message":"Transformed image: hey-2560_2560.webp","timestamp":"2025-09-06T13:07:19.415Z"}
{"level":"info","message":"Transformed image: happy-2560_2560.webp","timestamp":"2025-09-06T13:07:19.765Z"}
{"level":"info","message":"Transformed image: home-2560_2560.webp","timestamp":"2025-09-06T13:07:20.562Z"}
{"level":"info","message":"Transformed image: grandma-2560_2560.webp","timestamp":"2025-09-06T13:07:24.720Z"}
{"level":"info","message":"Transformed image: food-2560_2560.webp","timestamp":"2025-09-06T13:07:26.134Z"}
{"level":"info","message":"Transformed image: generic-component-library--resume-timeline-2560_2560.webp","timestamp":"2025-09-06T13:07:26.166Z"}
{"level":"info","message":"Transformed image: final-bg-2560_2560.webp","timestamp":"2025-09-06T13:07:28.490Z"}
{"level":"info","message":"Transformed image: falling-numbers-2560_2560.webp","timestamp":"2025-09-06T13:07:30.989Z"}
{"level":"info","message":"Transformed image: editorial-pic11-2560_2560.webp","timestamp":"2025-09-06T13:07:32.078Z"}
{"level":"info","message":"Transformed image: editorial-pic10-2560_2560.webp","timestamp":"2025-09-06T13:07:34.580Z"}
{"level":"info","message":"Transformed image: editorial-pic09-2560_2560.webp","timestamp":"2025-09-06T13:07:36.095Z"}
{"level":"info","message":"Transformed image: editorial-pic08-2560_2560.webp","timestamp":"2025-09-06T13:07:36.949Z"}
{"level":"info","message":"Transformed image: explore-the-world-2560_2560.webp","timestamp":"2025-09-06T13:07:37.998Z"}
{"level":"info","message":"Transformed image: editorial-pic07-2560_2560.webp","timestamp":"2025-09-06T13:07:39.576Z"}
{"level":"info","message":"Transformed image: editorial-pic06-2560_2560.webp","timestamp":"2025-09-06T13:07:41.660Z"}
{"level":"info","message":"Transformed image: editorial-pic05-2560_2560.webp","timestamp":"2025-09-06T13:07:42.440Z"}
{"level":"info","message":"Transformed image: editorial-pic04-2560_2560.webp","timestamp":"2025-09-06T13:07:43.525Z"}
{"level":"info","message":"Transformed image: editorial-pic03-2560_2560.webp","timestamp":"2025-09-06T13:07:45.114Z"}
{"level":"info","message":"Transformed image: editorial-pic02-2560_2560.webp","timestamp":"2025-09-06T13:07:47.107Z"}
{"level":"info","message":"Transformed image: editorial-pic01-2560_2560.webp","timestamp":"2025-09-06T13:07:47.846Z"}
{"level":"info","message":"Transformed image: drink-2560_2560.webp","timestamp":"2025-09-06T13:07:48.924Z"}
{"level":"info","message":"Transformed image: dev-days-matrix-library--password-strength-background-2560_2560.webp","timestamp":"2025-09-06T13:07:53.028Z"}
{"level":"info","message":"Transformed image: dev-days-matrix-library--pokedex-2560_2560.webp","timestamp":"2025-09-06T13:07:55.281Z"}
{"level":"info","message":"Transformed image: doggy-2560_2560.webp","timestamp":"2025-09-06T13:07:55.701Z"}
{"level":"info","message":"Transformed image: dev-days-matrix-library--nasa-apod-2560_2560.webp","timestamp":"2025-09-06T13:07:56.049Z"}
{"level":"info","message":"Transformed image: dev-days-matrix-library--hoverboard-2560_2560.webp","timestamp":"2025-09-06T13:07:56.985Z"}
{"level":"info","message":"Transformed image: angry-2560_2560.webp","timestamp":"2025-09-06T13:08:01.903Z"}
{"level":"info","message":"Transformed image: default-background-2560_2560.webp","timestamp":"2025-09-06T13:08:01.919Z"}
{"level":"info","message":"Transformed image: xbox-480_360.webp","timestamp":"2025-09-06T13:08:02.038Z"}
{"level":"info","message":"Transformed image: worker-480_360.webp","timestamp":"2025-09-06T13:08:02.327Z"}
{"level":"info","message":"Transformed image: deep-sea-background-2560_2560.webp","timestamp":"2025-09-06T13:08:02.722Z"}
{"level":"info","message":"Transformed image: wild-forest-480_360.webp","timestamp":"2025-09-06T13:08:02.888Z"}
{"level":"info","message":"Transformed image: ukulele-480_360.webp","timestamp":"2025-09-06T13:08:02.965Z"}
{"level":"info","message":"Transformed image: tired-480_360.webp","timestamp":"2025-09-06T13:08:03.063Z"}
{"level":"info","message":"Transformed image: summer-480_360.webp","timestamp":"2025-09-06T13:08:03.275Z"}
{"level":"info","message":"Transformed image: sunny-beach-480_360.webp","timestamp":"2025-09-06T13:08:03.326Z"}
{"level":"info","message":"Transformed image: solid-state-pic08-480_360.webp","timestamp":"2025-09-06T13:08:03.411Z"}
{"level":"info","message":"Transformed image: solid-state-pic07-480_360.webp","timestamp":"2025-09-06T13:08:03.481Z"}
{"level":"info","message":"Transformed image: solid-state-pic06-480_360.webp","timestamp":"2025-09-06T13:08:03.546Z"}
{"level":"info","message":"Transformed image: solid-state-pic05-480_360.webp","timestamp":"2025-09-06T13:08:03.621Z"}
{"level":"info","message":"Transformed image: solid-state-pic04-480_360.webp","timestamp":"2025-09-06T13:08:03.687Z"}
{"level":"info","message":"Transformed image: solid-state-pic03-480_360.webp","timestamp":"2025-09-06T13:08:03.740Z"}
{"level":"info","message":"Transformed image: solid-state-pic02-480_360.webp","timestamp":"2025-09-06T13:08:03.815Z"}
{"level":"info","message":"Transformed image: solid-state-pic01-480_360.webp","timestamp":"2025-09-06T13:08:03.858Z"}
{"level":"info","message":"Transformed image: solid-state-bg-480_360.webp","timestamp":"2025-09-06T13:08:03.997Z"}
{"level":"info","message":"Transformed image: school-480_360.webp","timestamp":"2025-09-06T13:08:04.132Z"}
{"level":"info","message":"Transformed image: scared-480_360.webp","timestamp":"2025-09-06T13:10:33.287Z"}
{"level":"info","message":"Transformed image: sad-480_360.webp","timestamp":"2025-09-06T13:10:33.288Z"}
{"level":"info","message":"Transformed image: quiz-bg-480_360.webp","timestamp":"2025-09-06T13:10:33.288Z"}
{"level":"info","message":"Transformed image: poster-480_360.webp","timestamp":"2025-09-06T13:10:33.288Z"}
{"level":"info","message":"Transformed image: ps-480_360.webp","timestamp":"2025-09-06T13:10:33.288Z"}
{"level":"info","message":"Transformed image: outside-480_360.webp","timestamp":"2025-09-06T13:10:33.288Z"}
{"level":"info","message":"Transformed image: lorem-image-480_360.webp","timestamp":"2025-09-06T13:10:33.288Z"}
{"level":"info","message":"Transformed image: city-on-winter-2560_2560.webp","timestamp":"2025-09-06T13:10:33.288Z"}
{"level":"info","message":"Transformed image: mountains-clouds-480_360.webp","timestamp":"2025-09-06T13:10:33.288Z"}
{"level":"info","message":"Transformed image: landing-bg-480_360.webp","timestamp":"2025-09-06T13:10:33.288Z"}
{"level":"info","message":"Transformed image: image-qr-code-480_360.webp","timestamp":"2025-09-06T13:10:33.288Z"}
{"level":"info","message":"Transformed image: jerry-thomas-blue-blazer-bw-480_360.webp","timestamp":"2025-09-06T13:10:33.288Z"}
{"level":"info","message":"Transformed image: hurt-480_360.webp","timestamp":"2025-09-06T13:10:33.288Z"}
{"level":"info","message":"Transformed image: hey-480_360.webp","timestamp":"2025-09-06T13:10:33.288Z"}
{"level":"info","message":"Transformed image: home-480_360.webp","timestamp":"2025-09-06T13:10:33.288Z"}
{"level":"info","message":"Transformed image: happy-480_360.webp","timestamp":"2025-09-06T13:10:33.288Z"}
{"level":"info","message":"Transformed image: grandma-480_360.webp","timestamp":"2025-09-06T13:10:33.288Z"}
{"level":"info","message":"Transformed image: generic-component-library--resume-timeline-480_360.webp","timestamp":"2025-09-06T13:10:33.288Z"}
{"level":"info","message":"Transformed image: food-480_360.webp","timestamp":"2025-09-06T13:10:33.288Z"}
{"level":"info","message":"Transformed image: falling-numbers-480_360.webp","timestamp":"2025-09-06T13:10:33.288Z"}
{"level":"info","message":"Transformed image: final-bg-480_360.webp","timestamp":"2025-09-06T13:10:33.288Z"}
{"level":"info","message":"Transformed image: editorial-pic11-480_360.webp","timestamp":"2025-09-06T13:10:33.288Z"}
{"level":"info","message":"Transformed image: editorial-pic10-480_360.webp","timestamp":"2025-09-06T13:10:33.288Z"}
{"level":"info","message":"Transformed image: explore-the-world-480_360.webp","timestamp":"2025-09-06T13:10:33.288Z"}
{"level":"info","message":"Transformed image: editorial-pic09-480_360.webp","timestamp":"2025-09-06T13:10:33.288Z"}
{"level":"info","message":"Transformed image: editorial-pic08-480_360.webp","timestamp":"2025-09-06T13:10:33.288Z"}
{"level":"info","message":"Transformed image: editorial-pic07-480_360.webp","timestamp":"2025-09-06T13:10:33.288Z"}
{"level":"info","message":"Transformed image: editorial-pic05-480_360.webp","timestamp":"2025-09-06T13:10:33.288Z"}
{"level":"info","message":"Transformed image: editorial-pic06-480_360.webp","timestamp":"2025-09-06T13:10:33.288Z"}
{"level":"info","message":"Transformed image: editorial-pic04-480_360.webp","timestamp":"2025-09-06T13:10:33.288Z"}
{"level":"info","message":"Transformed image: editorial-pic03-480_360.webp","timestamp":"2025-09-06T13:10:33.289Z"}
{"level":"info","message":"Transformed image: editorial-pic02-480_360.webp","timestamp":"2025-09-06T13:10:33.289Z"}
{"level":"info","message":"Transformed image: editorial-pic01-480_360.webp","timestamp":"2025-09-06T13:10:33.289Z"}
{"level":"info","message":"Transformed image: drink-480_360.webp","timestamp":"2025-09-06T13:10:33.289Z"}
{"level":"info","message":"Transformed image: doggy-480_360.webp","timestamp":"2025-09-06T13:10:33.289Z"}
{"level":"info","message":"Transformed image: dev-days-matrix-library--pokedex-480_360.webp","timestamp":"2025-09-06T13:10:33.289Z"}
{"level":"info","message":"Transformed image: dev-days-matrix-library--password-strength-background-480_360.webp","timestamp":"2025-09-06T13:10:33.289Z"}
{"level":"info","message":"Transformed image: dev-days-matrix-library--hoverboard-480_360.webp","timestamp":"2025-09-06T13:10:33.289Z"}
{"level":"info","message":"Transformed image: dev-days-matrix-library--nasa-apod-480_360.webp","timestamp":"2025-09-06T13:10:33.289Z"}
{"level":"info","message":"Transformed image: default-background-480_360.webp","timestamp":"2025-09-06T13:10:33.289Z"}
{"level":"info","message":"Transformed image: deep-sea-background-480_360.webp","timestamp":"2025-09-06T13:10:33.289Z"}
{"level":"info","message":"Transformed image: city-on-winter-480_360.webp","timestamp":"2025-09-06T13:10:33.289Z"}
{"level":"info","message":"Transformed image: angry-480_360.webp","timestamp":"2025-09-06T13:10:33.289Z"}
{"level":"info","message":"Transformed image: admin-bg-480_360.webp","timestamp":"2025-09-06T13:10:33.289Z"}
{"level":"info","message":"Transformed image: xbox-960_720.webp","timestamp":"2025-09-06T13:10:33.289Z"}
{"level":"info","message":"Transformed image: ukulele-960_720.webp","timestamp":"2025-09-06T13:10:33.289Z"}
{"level":"info","message":"Transformed image: worker-960_720.webp","timestamp":"2025-09-06T13:10:33.289Z"}
{"level":"info","message":"Transformed image: wild-forest-960_720.webp","timestamp":"2025-09-06T13:10:33.289Z"}
{"level":"info","message":"Transformed image: tired-960_720.webp","timestamp":"2025-09-06T13:10:33.291Z"}
{"level":"info","message":"Transformed image: solid-state-pic08-960_720.webp","timestamp":"2025-09-06T13:10:33.291Z"}
{"level":"info","message":"Transformed image: sunny-beach-960_720.webp","timestamp":"2025-09-06T13:10:33.291Z"}
{"level":"info","message":"Transformed image: summer-960_720.webp","timestamp":"2025-09-06T13:10:33.291Z"}
{"level":"info","message":"Transformed image: solid-state-pic07-960_720.webp","timestamp":"2025-09-06T13:10:33.291Z"}
{"level":"info","message":"Transformed image: solid-state-pic06-960_720.webp","timestamp":"2025-09-06T13:10:33.291Z"}
{"level":"info","message":"Transformed image: solid-state-pic05-960_720.webp","timestamp":"2025-09-06T13:10:33.291Z"}
{"level":"info","message":"Transformed image: admin-bg-2560_2560.webp","timestamp":"2025-09-06T13:10:33.291Z"}
{"level":"info","message":"Transformed image: solid-state-pic04-960_720.webp","timestamp":"2025-09-06T13:10:33.291Z"}
{"level":"info","message":"Transformed image: solid-state-pic03-960_720.webp","timestamp":"2025-09-06T13:10:33.291Z"}
{"level":"info","message":"Transformed image: solid-state-pic02-960_720.webp","timestamp":"2025-09-06T13:10:33.291Z"}
{"level":"info","message":"Transformed image: solid-state-pic01-960_720.webp","timestamp":"2025-09-06T13:10:33.291Z"}
{"level":"info","message":"Transformed image: solid-state-bg-960_720.webp","timestamp":"2025-09-06T13:10:33.291Z"}
{"level":"info","message":"Transformed image: school-960_720.webp","timestamp":"2025-09-06T13:10:33.291Z"}
{"level":"info","message":"Transformed image: scared-960_720.webp","timestamp":"2025-09-06T13:10:33.291Z"}
{"level":"info","message":"Transformed image: sad-960_720.webp","timestamp":"2025-09-06T13:10:33.291Z"}
{"level":"info","message":"Transformed image: poster-960_720.webp","timestamp":"2025-09-06T13:10:33.292Z"}
{"level":"info","message":"Transformed image: ps-960_720.webp","timestamp":"2025-09-06T13:10:33.292Z"}
{"level":"info","message":"Transformed image: quiz-bg-960_720.webp","timestamp":"2025-09-06T13:10:33.292Z"}
{"level":"info","message":"Transformed image: outside-960_720.webp","timestamp":"2025-09-06T13:10:33.292Z"}
{"level":"info","message":"Transformed image: lorem-image-960_720.webp","timestamp":"2025-09-06T13:10:33.292Z"}
{"level":"info","message":"Transformed image: landing-bg-960_720.webp","timestamp":"2025-09-06T13:10:33.292Z"}
{"level":"info","message":"Transformed image: jerry-thomas-blue-blazer-bw-960_720.webp","timestamp":"2025-09-06T13:10:33.292Z"}
{"level":"info","message":"Transformed image: mountains-clouds-960_720.webp","timestamp":"2025-09-06T13:10:33.292Z"}
{"level":"info","message":"Transformed image: image-qr-code-960_720.webp","timestamp":"2025-09-06T13:10:33.292Z"}
{"level":"info","message":"Transformed image: hey-960_720.webp","timestamp":"2025-09-06T13:10:33.292Z"}
{"level":"info","message":"Transformed image: happy-960_720.webp","timestamp":"2025-09-06T13:10:33.292Z"}
{"level":"info","message":"Transformed image: hurt-960_720.webp","timestamp":"2025-09-06T13:10:33.292Z"}
{"level":"info","message":"Transformed image: home-960_720.webp","timestamp":"2025-09-06T13:10:33.292Z"}
{"level":"info","message":"Transformed image: generic-component-library--resume-timeline-960_720.webp","timestamp":"2025-09-06T13:10:33.292Z"}
{"level":"info","message":"Transformed image: grandma-960_720.webp","timestamp":"2025-09-06T13:10:33.292Z"}
{"level":"info","message":"Transformed image: food-960_720.webp","timestamp":"2025-09-06T13:10:33.292Z"}
{"level":"info","message":"Transformed image: falling-numbers-960_720.webp","timestamp":"2025-09-06T13:10:33.292Z"}
{"level":"info","message":"Transformed image: final-bg-960_720.webp","timestamp":"2025-09-06T13:10:33.292Z"}
{"level":"info","message":"Transformed image: editorial-pic11-960_720.webp","timestamp":"2025-09-06T13:10:33.292Z"}
{"level":"info","message":"Transformed image: editorial-pic10-960_720.webp","timestamp":"2025-09-06T13:10:33.292Z"}
{"level":"info","message":"Transformed image: explore-the-world-960_720.webp","timestamp":"2025-09-06T13:10:33.292Z"}
{"level":"info","message":"Transformed image: editorial-pic09-960_720.webp","timestamp":"2025-09-06T13:10:33.292Z"}
{"level":"info","message":"Transformed image: editorial-pic08-960_720.webp","timestamp":"2025-09-06T13:10:33.292Z"}
{"level":"info","message":"Transformed image: editorial-pic07-960_720.webp","timestamp":"2025-09-06T13:10:33.292Z"}
{"level":"info","message":"Transformed image: editorial-pic06-960_720.webp","timestamp":"2025-09-06T13:10:33.292Z"}
{"level":"info","message":"Transformed image: editorial-pic05-960_720.webp","timestamp":"2025-09-06T13:10:33.292Z"}
{"level":"info","message":"Transformed image: editorial-pic04-960_720.webp","timestamp":"2025-09-06T13:10:33.292Z"}
{"level":"info","message":"Transformed image: editorial-pic03-960_720.webp","timestamp":"2025-09-06T13:10:33.293Z"}
{"level":"info","message":"Transformed image: editorial-pic02-960_720.webp","timestamp":"2025-09-06T13:10:33.293Z"}
{"level":"info","message":"Transformed image: editorial-pic01-960_720.webp","timestamp":"2025-09-06T13:10:33.293Z"}
{"level":"info","message":"Transformed image: drink-960_720.webp","timestamp":"2025-09-06T13:10:33.293Z"}
{"level":"info","message":"Transformed image: dev-days-matrix-library--password-strength-background-960_720.webp","timestamp":"2025-09-06T13:10:33.293Z"}
{"level":"info","message":"Transformed image: dev-days-matrix-library--nasa-apod-960_720.webp","timestamp":"2025-09-06T13:10:33.293Z"}
{"level":"info","message":"Transformed image: dev-days-matrix-library--pokedex-960_720.webp","timestamp":"2025-09-06T13:10:33.293Z"}
{"level":"info","message":"Transformed image: doggy-960_720.webp","timestamp":"2025-09-06T13:10:33.293Z"}
{"level":"info","message":"Transformed image: dev-days-matrix-library--hoverboard-960_720.webp","timestamp":"2025-09-06T13:10:33.293Z"}
{"level":"info","message":"Transformed image: default-background-960_720.webp","timestamp":"2025-09-06T13:10:33.293Z"}
{"level":"info","message":"Transformed image: angry-960_720.webp","timestamp":"2025-09-06T13:10:33.293Z"}
{"level":"info","message":"Transformed image: city-on-winter-960_720.webp","timestamp":"2025-09-06T13:10:33.293Z"}
{"level":"info","message":"Transformed image: deep-sea-background-960_720.webp","timestamp":"2025-09-06T13:10:33.293Z"}
{"level":"info","message":"Transformed image: admin-bg-960_720.webp","timestamp":"2025-09-06T13:10:33.293Z"}
{"level":"info","message":"Transformed image: xbox-1280_960.webp","timestamp":"2025-09-06T13:10:33.293Z"}
{"level":"info","message":"Transformed image: tired-1280_960.webp","timestamp":"2025-09-06T13:10:33.293Z"}
{"level":"info","message":"Transformed image: ukulele-1280_960.webp","timestamp":"2025-09-06T13:10:33.293Z"}
{"level":"info","message":"Transformed image: worker-1280_960.webp","timestamp":"2025-09-06T13:10:33.293Z"}
{"level":"info","message":"Transformed image: wild-forest-1280_960.webp","timestamp":"2025-09-06T13:10:33.293Z"}
{"level":"info","message":"Transformed image: solid-state-pic08-1280_960.webp","timestamp":"2025-09-06T13:10:33.293Z"}
{"level":"info","message":"Transformed image: summer-1280_960.webp","timestamp":"2025-09-06T13:10:33.293Z"}
{"level":"info","message":"Transformed image: solid-state-pic07-1280_960.webp","timestamp":"2025-09-06T13:10:33.293Z"}
{"level":"info","message":"Transformed image: solid-state-pic06-1280_960.webp","timestamp":"2025-09-06T13:10:33.293Z"}
{"level":"info","message":"Transformed image: sunny-beach-1280_960.webp","timestamp":"2025-09-06T13:10:33.293Z"}
{"level":"info","message":"Transformed image: solid-state-pic05-1280_960.webp","timestamp":"2025-09-06T13:10:33.293Z"}
{"level":"info","message":"Transformed image: solid-state-pic04-1280_960.webp","timestamp":"2025-09-06T13:10:33.293Z"}
{"level":"info","message":"Transformed image: solid-state-pic03-1280_960.webp","timestamp":"2025-09-06T13:10:33.293Z"}
{"level":"info","message":"Transformed image: solid-state-pic02-1280_960.webp","timestamp":"2025-09-06T13:10:33.293Z"}
{"level":"info","message":"Transformed image: solid-state-pic01-1280_960.webp","timestamp":"2025-09-06T13:10:33.293Z"}
{"level":"info","message":"Transformed image: solid-state-bg-1280_960.webp","timestamp":"2025-09-06T13:10:33.294Z"}
{"level":"info","message":"Transformed image: school-1280_960.webp","timestamp":"2025-09-06T13:10:33.294Z"}
{"level":"info","message":"Transformed image: scared-1280_960.webp","timestamp":"2025-09-06T13:10:33.294Z"}
{"level":"info","message":"Transformed image: sad-1280_960.webp","timestamp":"2025-09-06T13:10:33.294Z"}
{"level":"info","message":"Transformed image: poster-1280_960.webp","timestamp":"2025-09-06T13:10:33.294Z"}
{"level":"info","message":"Transformed image: ps-1280_960.webp","timestamp":"2025-09-06T13:10:33.294Z"}
{"level":"info","message":"Transformed image: quiz-bg-1280_960.webp","timestamp":"2025-09-06T13:10:33.294Z"}
{"level":"info","message":"Transformed image: lorem-image-1280_960.webp","timestamp":"2025-09-06T13:10:33.294Z"}
{"level":"info","message":"Transformed image: outside-1280_960.webp","timestamp":"2025-09-06T13:10:33.294Z"}
{"level":"info","message":"Transformed image: landing-bg-1280_960.webp","timestamp":"2025-09-06T13:10:33.294Z"}
{"level":"info","message":"Transformed image: image-qr-code-1280_960.webp","timestamp":"2025-09-06T13:10:33.294Z"}
{"level":"info","message":"Transformed image: jerry-thomas-blue-blazer-bw-1280_960.webp","timestamp":"2025-09-06T13:10:33.294Z"}
{"level":"info","message":"Transformed image: mountains-clouds-1280_960.webp","timestamp":"2025-09-06T13:10:33.294Z"}
{"level":"info","message":"Transformed image: hurt-1280_960.webp","timestamp":"2025-09-06T13:10:33.294Z"}
{"level":"info","message":"Transformed image: hey-1280_960.webp","timestamp":"2025-09-06T13:10:33.294Z"}
{"level":"info","message":"Transformed image: happy-1280_960.webp","timestamp":"2025-09-06T13:10:33.294Z"}
{"level":"info","message":"Transformed image: generic-component-library--resume-timeline-1280_960.webp","timestamp":"2025-09-06T13:10:33.294Z"}
{"level":"info","message":"Transformed image: home-1280_960.webp","timestamp":"2025-09-06T13:10:33.294Z"}
{"level":"info","message":"Transformed image: grandma-1280_960.webp","timestamp":"2025-09-06T13:10:33.294Z"}
{"level":"info","message":"Transformed image: food-1280_960.webp","timestamp":"2025-09-06T13:10:33.294Z"}
{"level":"info","message":"Transformed image: final-bg-1280_960.webp","timestamp":"2025-09-06T13:10:33.294Z"}
{"level":"info","message":"Transformed image: falling-numbers-1280_960.webp","timestamp":"2025-09-06T13:10:33.294Z"}
{"level":"info","message":"Transformed image: editorial-pic11-1280_960.webp","timestamp":"2025-09-06T13:10:33.295Z"}
{"level":"info","message":"Transformed image: editorial-pic09-1280_960.webp","timestamp":"2025-09-06T13:10:33.296Z"}
{"level":"info","message":"Transformed image: editorial-pic10-1280_960.webp","timestamp":"2025-09-06T13:10:33.296Z"}
{"level":"info","message":"Transformed image: explore-the-world-1280_960.webp","timestamp":"2025-09-06T13:10:33.296Z"}
{"level":"info","message":"Transformed image: editorial-pic08-1280_960.webp","timestamp":"2025-09-06T13:10:33.296Z"}
{"level":"info","message":"Transformed image: editorial-pic07-1280_960.webp","timestamp":"2025-09-06T13:10:33.296Z"}
{"level":"info","message":"Transformed image: editorial-pic06-1280_960.webp","timestamp":"2025-09-06T13:10:33.296Z"}
{"level":"info","message":"Transformed image: editorial-pic05-1280_960.webp","timestamp":"2025-09-06T13:10:33.296Z"}
{"level":"info","message":"Transformed image: editorial-pic04-1280_960.webp","timestamp":"2025-09-06T13:10:33.296Z"}
{"level":"info","message":"Transformed image: editorial-pic03-1280_960.webp","timestamp":"2025-09-06T13:10:33.296Z"}
{"level":"info","message":"Transformed image: editorial-pic02-1280_960.webp","timestamp":"2025-09-06T13:10:33.296Z"}
{"level":"info","message":"Transformed image: editorial-pic01-1280_960.webp","timestamp":"2025-09-06T13:10:33.296Z"}
{"level":"info","message":"Transformed image: drink-1280_960.webp","timestamp":"2025-09-06T13:10:33.296Z"}
{"level":"info","message":"Transformed image: dev-days-matrix-library--password-strength-background-1280_960.webp","timestamp":"2025-09-06T13:10:33.296Z"}
{"level":"info","message":"Transformed image: doggy-1280_960.webp","timestamp":"2025-09-06T13:10:33.296Z"}
{"level":"info","message":"Transformed image: dev-days-matrix-library--pokedex-1280_960.webp","timestamp":"2025-09-06T13:10:33.296Z"}
{"level":"info","message":"Transformed image: dev-days-matrix-library--nasa-apod-1280_960.webp","timestamp":"2025-09-06T13:10:33.296Z"}
{"level":"info","message":"Transformed image: dev-days-matrix-library--hoverboard-1280_960.webp","timestamp":"2025-09-06T13:10:33.296Z"}
{"level":"info","message":"Transformed image: angry-1280_960.webp","timestamp":"2025-09-06T13:10:33.297Z"}
{"level":"info","message":"Transformed image: default-background-1280_960.webp","timestamp":"2025-09-06T13:10:33.297Z"}
{"level":"info","message":"Transformed image: deep-sea-background-1280_960.webp","timestamp":"2025-09-06T13:10:33.297Z"}
{"level":"info","message":"Transformed image: city-on-winter-1280_960.webp","timestamp":"2025-09-06T13:10:33.297Z"}
{"level":"info","message":"Transformed image: admin-bg-1280_960.webp","timestamp":"2025-09-06T13:10:33.297Z"}
{"level":"info","message":"Transformed image: xbox-1920_1440.webp","timestamp":"2025-09-06T13:10:33.297Z"}
{"level":"info","message":"Transformed image: tired-1920_1440.webp","timestamp":"2025-09-06T13:10:33.297Z"}
{"level":"info","message":"Transformed image: ukulele-1920_1440.webp","timestamp":"2025-09-06T13:10:33.297Z"}
{"level":"info","message":"Transformed image: worker-1920_1440.webp","timestamp":"2025-09-06T13:10:33.297Z"}
{"level":"info","message":"Transformed image: solid-state-pic08-1920_1440.webp","timestamp":"2025-09-06T13:10:33.297Z"}
{"level":"info","message":"Transformed image: wild-forest-1920_1440.webp","timestamp":"2025-09-06T13:10:33.297Z"}
{"level":"info","message":"Transformed image: summer-1920_1440.webp","timestamp":"2025-09-06T13:10:33.297Z"}
{"level":"info","message":"Transformed image: solid-state-pic07-1920_1440.webp","timestamp":"2025-09-06T13:10:33.297Z"}
{"level":"info","message":"Transformed image: solid-state-pic06-1920_1440.webp","timestamp":"2025-09-06T13:10:33.297Z"}
{"level":"info","message":"Transformed image: solid-state-pic05-1920_1440.webp","timestamp":"2025-09-06T13:10:33.297Z"}
{"level":"info","message":"Transformed image: sunny-beach-1920_1440.webp","timestamp":"2025-09-06T13:10:33.297Z"}
{"level":"info","message":"Transformed image: solid-state-pic04-1920_1440.webp","timestamp":"2025-09-06T13:10:33.297Z"}
{"level":"info","message":"Transformed image: solid-state-pic03-1920_1440.webp","timestamp":"2025-09-06T13:10:33.297Z"}
{"level":"info","message":"Transformed image: solid-state-pic02-1920_1440.webp","timestamp":"2025-09-06T13:10:33.297Z"}
{"level":"info","message":"Transformed image: solid-state-pic01-1920_1440.webp","timestamp":"2025-09-06T13:10:33.297Z"}
{"level":"info","message":"Transformed image: solid-state-bg-1920_1440.webp","timestamp":"2025-09-06T13:10:33.298Z"}
{"level":"info","message":"Transformed image: school-1920_1440.webp","timestamp":"2025-09-06T13:10:33.298Z"}
{"level":"info","message":"Transformed image: scared-1920_1440.webp","timestamp":"2025-09-06T13:10:33.298Z"}
{"level":"info","message":"Transformed image: sad-1920_1440.webp","timestamp":"2025-09-06T13:10:33.298Z"}
{"level":"info","message":"Transformed image: poster-1920_1440.webp","timestamp":"2025-09-06T13:10:33.298Z"}
{"level":"info","message":"Transformed image: ps-1920_1440.webp","timestamp":"2025-09-06T13:10:33.298Z"}
{"level":"info","message":"Transformed image: quiz-bg-1920_1440.webp","timestamp":"2025-09-06T13:10:33.298Z"}
{"level":"info","message":"Transformed image: lorem-image-1920_1440.webp","timestamp":"2025-09-06T13:10:33.298Z"}
{"level":"info","message":"Transformed image: outside-1920_1440.webp","timestamp":"2025-09-06T13:10:33.298Z"}
{"level":"info","message":"Transformed image: landing-bg-1920_1440.webp","timestamp":"2025-09-06T13:10:33.298Z"}
{"level":"info","message":"Transformed image: image-qr-code-1920_1440.webp","timestamp":"2025-09-06T13:10:33.298Z"}
{"level":"info","message":"Transformed image: mountains-clouds-1920_1440.webp","timestamp":"2025-09-06T13:10:33.298Z"}
{"level":"info","message":"Transformed image: hey-1920_1440.webp","timestamp":"2025-09-06T13:10:33.298Z"}
{"level":"info","message":"Transformed image: hurt-1920_1440.webp","timestamp":"2025-09-06T13:10:33.298Z"}
{"level":"info","message":"Transformed image: jerry-thomas-blue-blazer-bw-1920_1440.webp","timestamp":"2025-09-06T13:10:33.298Z"}
{"level":"info","message":"Transformed image: generic-component-library--resume-timeline-1920_1440.webp","timestamp":"2025-09-06T13:10:33.298Z"}
{"level":"info","message":"Transformed image: home-1920_1440.webp","timestamp":"2025-09-06T13:10:33.298Z"}
{"level":"info","message":"Transformed image: happy-1920_1440.webp","timestamp":"2025-09-06T13:10:33.298Z"}
{"level":"info","message":"Transformed image: grandma-1920_1440.webp","timestamp":"2025-09-06T13:10:33.298Z"}
{"level":"info","message":"Transformed image: food-1920_1440.webp","timestamp":"2025-09-06T13:10:33.299Z"}
{"level":"info","message":"Transformed image: falling-numbers-1920_1440.webp","timestamp":"2025-09-06T13:10:33.299Z"}
{"level":"info","message":"Transformed image: final-bg-1920_1440.webp","timestamp":"2025-09-06T13:10:33.299Z"}
{"level":"info","message":"Transformed image: editorial-pic11-1920_1440.webp","timestamp":"2025-09-06T13:10:33.299Z"}
{"level":"info","message":"Transformed image: editorial-pic09-1920_1440.webp","timestamp":"2025-09-06T13:10:33.299Z"}
{"level":"info","message":"Transformed image: editorial-pic10-1920_1440.webp","timestamp":"2025-09-06T13:10:33.299Z"}
{"level":"info","message":"Transformed image: explore-the-world-1920_1440.webp","timestamp":"2025-09-06T13:10:33.299Z"}
{"level":"info","message":"Transformed image: editorial-pic08-1920_1440.webp","timestamp":"2025-09-06T13:10:33.299Z"}
{"level":"info","message":"Transformed image: editorial-pic07-1920_1440.webp","timestamp":"2025-09-06T13:10:33.299Z"}
{"level":"info","message":"Transformed image: editorial-pic06-1920_1440.webp","timestamp":"2025-09-06T13:10:33.299Z"}
{"level":"info","message":"Transformed image: editorial-pic05-1920_1440.webp","timestamp":"2025-09-06T13:10:33.299Z"}
{"level":"info","message":"Transformed image: editorial-pic04-1920_1440.webp","timestamp":"2025-09-06T13:10:33.299Z"}
{"level":"info","message":"Transformed image: editorial-pic03-1920_1440.webp","timestamp":"2025-09-06T13:10:33.299Z"}
{"level":"info","message":"Transformed image: editorial-pic02-1920_1440.webp","timestamp":"2025-09-06T13:10:33.299Z"}
{"level":"info","message":"Transformed image: drink-1920_1440.webp","timestamp":"2025-09-06T13:10:33.299Z"}
{"level":"info","message":"Transformed image: editorial-pic01-1920_1440.webp","timestamp":"2025-09-06T13:10:33.299Z"}
{"level":"info","message":"Transformed image: dev-days-matrix-library--pokedex-1920_1440.webp","timestamp":"2025-09-06T13:10:33.299Z"}
{"level":"info","message":"Transformed image: dev-days-matrix-library--password-strength-background-1920_1440.webp","timestamp":"2025-09-06T13:10:33.300Z"}
{"level":"info","message":"Transformed image: doggy-1920_1440.webp","timestamp":"2025-09-06T13:10:33.301Z"}
{"level":"info","message":"Transformed image: dev-days-matrix-library--nasa-apod-1920_1440.webp","timestamp":"2025-09-06T13:10:33.301Z"}
{"level":"info","message":"Transformed image: dev-days-matrix-library--hoverboard-1920_1440.webp","timestamp":"2025-09-06T13:10:33.301Z"}
{"level":"info","message":"Transformed image: angry-1920_1440.webp","timestamp":"2025-09-06T13:10:33.301Z"}
{"level":"info","message":"Transformed image: default-background-1920_1440.webp","timestamp":"2025-09-06T13:10:33.301Z"}
{"level":"info","message":"Transformed image: deep-sea-background-1920_1440.webp","timestamp":"2025-09-06T13:10:33.301Z"}
{"level":"info","message":"Transformed image: city-on-winter-1920_1440.webp","timestamp":"2025-09-06T13:10:33.301Z"}
{"level":"info","message":"Transformed image: xbox-2560_1920.webp","timestamp":"2025-09-06T13:10:33.302Z"}
{"level":"info","message":"Transformed image: admin-bg-1920_1440.webp","timestamp":"2025-09-06T13:10:33.302Z"}
{"level":"info","message":"Transformed image: tired-2560_1920.webp","timestamp":"2025-09-06T13:10:33.302Z"}
{"level":"info","message":"Transformed image: ukulele-2560_1920.webp","timestamp":"2025-09-06T13:10:33.302Z"}
{"level":"info","message":"Transformed image: worker-2560_1920.webp","timestamp":"2025-09-06T13:10:33.302Z"}
{"level":"info","message":"Transformed image: solid-state-pic08-2560_1920.webp","timestamp":"2025-09-06T13:10:33.302Z"}
{"level":"info","message":"Transformed image: wild-forest-2560_1920.webp","timestamp":"2025-09-06T13:10:33.302Z"}
{"level":"info","message":"Transformed image: summer-2560_1920.webp","timestamp":"2025-09-06T13:10:33.302Z"}
{"level":"info","message":"Transformed image: solid-state-pic07-2560_1920.webp","timestamp":"2025-09-06T13:10:33.302Z"}
{"level":"info","message":"Transformed image: solid-state-pic06-2560_1920.webp","timestamp":"2025-09-06T13:10:33.302Z"}
{"level":"info","message":"Transformed image: solid-state-pic05-2560_1920.webp","timestamp":"2025-09-06T13:10:33.302Z"}
{"level":"info","message":"Transformed image: sunny-beach-2560_1920.webp","timestamp":"2025-09-06T13:10:33.302Z"}
{"level":"info","message":"Transformed image: solid-state-pic01-2560_1920.webp","timestamp":"2025-09-06T13:10:33.302Z"}
{"level":"info","message":"Transformed image: solid-state-pic04-2560_1920.webp","timestamp":"2025-09-06T13:10:33.302Z"}
{"level":"info","message":"Transformed image: solid-state-pic03-2560_1920.webp","timestamp":"2025-09-06T13:10:33.302Z"}
{"level":"info","message":"Transformed image: solid-state-pic02-2560_1920.webp","timestamp":"2025-09-06T13:10:33.302Z"}
{"level":"info","message":"Transformed image: solid-state-bg-2560_1920.webp","timestamp":"2025-09-06T13:10:33.302Z"}
{"level":"info","message":"Transformed image: school-2560_1920.webp","timestamp":"2025-09-06T13:10:33.302Z"}
{"level":"info","message":"Transformed image: scared-2560_1920.webp","timestamp":"2025-09-06T13:10:33.302Z"}
{"level":"info","message":"Transformed image: sad-2560_1920.webp","timestamp":"2025-09-06T13:10:33.302Z"}
{"level":"info","message":"Transformed image: ps-2560_1920.webp","timestamp":"2025-09-06T13:10:33.302Z"}
{"level":"info","message":"Transformed image: poster-2560_1920.webp","timestamp":"2025-09-06T13:10:33.302Z"}
{"level":"info","message":"Transformed image: quiz-bg-2560_1920.webp","timestamp":"2025-09-06T13:10:33.302Z"}
{"level":"info","message":"Transformed image: outside-2560_1920.webp","timestamp":"2025-09-06T13:10:33.302Z"}
{"level":"info","message":"Transformed image: lorem-image-2560_1920.webp","timestamp":"2025-09-06T13:10:33.302Z"}
{"level":"info","message":"Transformed image: landing-bg-2560_1920.webp","timestamp":"2025-09-06T13:10:33.302Z"}
{"level":"info","message":"Transformed image: image-qr-code-2560_1920.webp","timestamp":"2025-09-06T13:10:33.302Z"}
{"level":"info","message":"Transformed image: mountains-clouds-2560_1920.webp","timestamp":"2025-09-06T13:10:33.302Z"}
{"level":"info","message":"Transformed image: jerry-thomas-blue-blazer-bw-2560_1920.webp","timestamp":"2025-09-06T13:10:33.302Z"}
{"level":"info","message":"Transformed image: hurt-2560_1920.webp","timestamp":"2025-09-06T13:10:33.302Z"}
{"level":"info","message":"Transformed image: hey-2560_1920.webp","timestamp":"2025-09-06T13:10:33.303Z"}
{"level":"info","message":"Transformed image: generic-component-library--resume-timeline-2560_1920.webp","timestamp":"2025-09-06T13:10:33.303Z"}
{"level":"info","message":"Transformed image: happy-2560_1920.webp","timestamp":"2025-09-06T13:10:33.303Z"}
{"level":"info","message":"Transformed image: home-2560_1920.webp","timestamp":"2025-09-06T13:10:33.303Z"}
{"level":"info","message":"Transformed image: grandma-2560_1920.webp","timestamp":"2025-09-06T13:10:33.303Z"}
{"level":"info","message":"Transformed image: food-2560_1920.webp","timestamp":"2025-09-06T13:10:33.303Z"}
{"level":"info","message":"Transformed image: falling-numbers-2560_1920.webp","timestamp":"2025-09-06T13:10:33.303Z"}
{"level":"info","message":"Transformed image: final-bg-2560_1920.webp","timestamp":"2025-09-06T13:10:33.303Z"}
{"level":"info","message":"Transformed image: editorial-pic11-2560_1920.webp","timestamp":"2025-09-06T13:10:33.303Z"}
{"level":"info","message":"Transformed image: editorial-pic10-2560_1920.webp","timestamp":"2025-09-06T13:10:33.303Z"}
{"level":"info","message":"Transformed image: editorial-pic09-2560_1920.webp","timestamp":"2025-09-06T13:10:33.303Z"}
{"level":"info","message":"Transformed image: explore-the-world-2560_1920.webp","timestamp":"2025-09-06T13:10:33.303Z"}
{"level":"info","message":"Transformed image: editorial-pic08-2560_1920.webp","timestamp":"2025-09-06T13:10:33.303Z"}
{"level":"info","message":"Transformed image: editorial-pic07-2560_1920.webp","timestamp":"2025-09-06T13:10:33.303Z"}
{"level":"info","message":"Transformed image: editorial-pic06-2560_1920.webp","timestamp":"2025-09-06T13:10:33.303Z"}
{"level":"info","message":"Transformed image: editorial-pic05-2560_1920.webp","timestamp":"2025-09-06T13:10:33.303Z"}
{"level":"info","message":"Transformed image: editorial-pic04-2560_1920.webp","timestamp":"2025-09-06T13:10:33.303Z"}
{"level":"info","message":"Transformed image: editorial-pic03-2560_1920.webp","timestamp":"2025-09-06T13:10:33.303Z"}
{"level":"info","message":"Transformed image: editorial-pic02-2560_1920.webp","timestamp":"2025-09-06T13:10:33.303Z"}
{"level":"info","message":"Transformed image: editorial-pic01-2560_1920.webp","timestamp":"2025-09-06T13:10:33.303Z"}
{"level":"info","message":"Transformed image: drink-2560_1920.webp","timestamp":"2025-09-06T13:10:33.303Z"}
{"level":"info","message":"Transformed image: dev-days-matrix-library--password-strength-background-2560_1920.webp","timestamp":"2025-09-06T13:10:33.303Z"}
{"level":"info","message":"Transformed image: dev-days-matrix-library--pokedex-2560_1920.webp","timestamp":"2025-09-06T13:10:33.303Z"}
{"level":"info","message":"Transformed image: dev-days-matrix-library--nasa-apod-2560_1920.webp","timestamp":"2025-09-06T13:10:33.303Z"}
{"level":"info","message":"Transformed image: doggy-2560_1920.webp","timestamp":"2025-09-06T13:10:33.303Z"}
{"level":"info","message":"Transformed image: dev-days-matrix-library--hoverboard-2560_1920.webp","timestamp":"2025-09-06T13:10:33.303Z"}
{"level":"info","message":"Transformed image: default-background-2560_1920.webp","timestamp":"2025-09-06T13:10:33.303Z"}
{"level":"info","message":"Transformed image: deep-sea-background-2560_1920.webp","timestamp":"2025-09-06T13:10:33.303Z"}
{"level":"info","message":"Transformed image: angry-2560_1920.webp","timestamp":"2025-09-06T13:10:33.303Z"}
{"level":"info","message":"Created original webp image: xbox-original.webp","timestamp":"2025-09-06T13:10:33.303Z"}
{"level":"info","message":"Created original webp image: worker-original.webp","timestamp":"2025-09-06T13:10:33.304Z"}
{"level":"info","message":"Created original webp image: ukulele-original.webp","timestamp":"2025-09-06T13:10:33.304Z"}
{"level":"info","message":"Created original webp image: tired-original.webp","timestamp":"2025-09-06T13:10:33.304Z"}
{"level":"info","message":"Transformed image: city-on-winter-2560_1920.webp","timestamp":"2025-09-06T13:10:33.304Z"}
{"level":"info","message":"Created original webp image: summer-original.webp","timestamp":"2025-09-06T13:10:33.304Z"}
{"level":"info","message":"Created original webp image: solid-state-pic08-original.webp","timestamp":"2025-09-06T13:10:33.304Z"}
{"level":"info","message":"Created original webp image: solid-state-pic07-original.webp","timestamp":"2025-09-06T13:10:33.304Z"}
{"level":"info","message":"Created original webp image: solid-state-pic06-original.webp","timestamp":"2025-09-06T13:10:33.304Z"}
{"level":"info","message":"Created original webp image: solid-state-pic05-original.webp","timestamp":"2025-09-06T13:10:33.305Z"}
{"level":"info","message":"Created original webp image: solid-state-pic04-original.webp","timestamp":"2025-09-06T13:10:33.305Z"}
{"level":"info","message":"Created original webp image: solid-state-pic03-original.webp","timestamp":"2025-09-06T13:10:33.305Z"}
{"level":"info","message":"Created original webp image: solid-state-pic02-original.webp","timestamp":"2025-09-06T13:10:33.305Z"}
{"level":"info","message":"Created original webp image: solid-state-pic01-original.webp","timestamp":"2025-09-06T13:10:33.305Z"}
{"level":"info","message":"Created original webp image: solid-state-bg-original.webp","timestamp":"2025-09-06T13:10:33.305Z"}
{"level":"info","message":"Created original webp image: school-original.webp","timestamp":"2025-09-06T13:10:33.305Z"}
{"level":"info","message":"Created original webp image: scared-original.webp","timestamp":"2025-09-06T13:10:33.305Z"}
{"level":"info","message":"Created original webp image: sad-original.webp","timestamp":"2025-09-06T13:10:33.305Z"}
{"level":"info","message":"Created original webp image: quiz-bg-original.webp","timestamp":"2025-09-06T13:10:33.305Z"}
{"level":"info","message":"Created original webp image: ps-original.webp","timestamp":"2025-09-06T13:10:33.305Z"}
{"level":"info","message":"Created original webp image: poster-original.webp","timestamp":"2025-09-06T13:10:33.305Z"}
{"level":"info","message":"Created original webp image: outside-original.webp","timestamp":"2025-09-06T13:10:33.305Z"}
{"level":"info","message":"Created original webp image: sunny-beach-original.webp","timestamp":"2025-09-06T13:10:33.306Z"}
{"level":"info","message":"Created original webp image: lorem-image-original.webp","timestamp":"2025-09-06T13:10:33.308Z"}
{"level":"info","message":"Created original webp image: landing-bg-original.webp","timestamp":"2025-09-06T13:10:33.308Z"}
{"level":"info","message":"Transformed image: admin-bg-2560_1920.webp","timestamp":"2025-09-06T13:10:33.308Z"}
{"level":"info","message":"Created original webp image: image-qr-code-original.webp","timestamp":"2025-09-06T13:10:33.308Z"}
{"level":"info","message":"Created original webp image: hurt-original.webp","timestamp":"2025-09-06T13:10:33.308Z"}
{"level":"info","message":"Created original webp image: home-original.webp","timestamp":"2025-09-06T13:10:33.308Z"}
{"level":"info","message":"Created original webp image: hey-original.webp","timestamp":"2025-09-06T13:10:33.311Z"}
{"level":"info","message":"Created original webp image: happy-original.webp","timestamp":"2025-09-06T13:10:33.311Z"}
{"level":"info","message":"Created original webp image: grandma-original.webp","timestamp":"2025-09-06T13:10:33.311Z"}
{"level":"info","message":"Created original webp image: jerry-thomas-blue-blazer-bw-original.webp","timestamp":"2025-09-06T13:10:33.311Z"}
{"level":"info","message":"Created original webp image: food-original.webp","timestamp":"2025-09-06T13:10:33.311Z"}
{"level":"info","message":"Created original webp image: generic-component-library--resume-timeline-original.webp","timestamp":"2025-09-06T13:10:33.311Z"}
{"level":"info","message":"Created original webp image: final-bg-original.webp","timestamp":"2025-09-06T13:10:33.311Z"}
{"level":"info","message":"Created original webp image: falling-numbers-original.webp","timestamp":"2025-09-06T13:10:33.311Z"}
{"level":"info","message":"Created original webp image: editorial-pic11-original.webp","timestamp":"2025-09-06T13:10:33.311Z"}
{"level":"info","message":"Created original webp image: editorial-pic10-original.webp","timestamp":"2025-09-06T13:10:33.311Z"}
{"level":"info","message":"Created original webp image: editorial-pic09-original.webp","timestamp":"2025-09-06T13:10:33.311Z"}
{"level":"info","message":"Created original webp image: editorial-pic08-original.webp","timestamp":"2025-09-06T13:10:33.311Z"}
{"level":"info","message":"Created original webp image: editorial-pic07-original.webp","timestamp":"2025-09-06T13:10:33.311Z"}
{"level":"info","message":"Created original webp image: editorial-pic06-original.webp","timestamp":"2025-09-06T13:10:33.311Z"}
{"level":"info","message":"Created original webp image: editorial-pic05-original.webp","timestamp":"2025-09-06T13:10:33.311Z"}
{"level":"info","message":"Created original webp image: editorial-pic04-original.webp","timestamp":"2025-09-06T13:10:33.311Z"}
{"level":"info","message":"Created original webp image: editorial-pic03-original.webp","timestamp":"2025-09-06T13:10:33.311Z"}
{"level":"info","message":"Created original webp image: editorial-pic02-original.webp","timestamp":"2025-09-06T13:10:33.311Z"}
{"level":"info","message":"Created original webp image: editorial-pic01-original.webp","timestamp":"2025-09-06T13:10:33.311Z"}
{"level":"info","message":"Created original webp image: drink-original.webp","timestamp":"2025-09-06T13:10:33.311Z"}
{"level":"info","message":"Created original webp image: mountains-clouds-original.webp","timestamp":"2025-09-06T13:10:33.311Z"}
{"level":"info","message":"Created original webp image: dev-days-matrix-library--pokedex-original.webp","timestamp":"2025-09-06T13:10:33.311Z"}
{"level":"info","message":"Created original webp image: dev-days-matrix-library--password-strength-background-original.webp","timestamp":"2025-09-06T13:10:33.311Z"}
{"level":"info","message":"Created original webp image: dev-days-matrix-library--nasa-apod-original.webp","timestamp":"2025-09-06T13:10:33.311Z"}
{"level":"info","message":"Created original webp image: dev-days-matrix-library--hoverboard-original.webp","timestamp":"2025-09-06T13:10:33.311Z"}
{"level":"info","message":"Created original webp image: default-background-original.webp","timestamp":"2025-09-06T13:10:33.311Z"}
{"level":"info","message":"Created original webp image: deep-sea-background-original.webp","timestamp":"2025-09-06T13:10:33.311Z"}
{"level":"info","message":"Created original webp image: doggy-original.webp","timestamp":"2025-09-06T13:10:33.311Z"}
{"level":"info","message":"Created original webp image: angry-original.webp","timestamp":"2025-09-06T13:10:33.312Z"}
{"level":"info","message":"Created original webp image: admin-bg-original.webp","timestamp":"2025-09-06T13:10:33.312Z"}
{"level":"info","message":"Created original webp image: explore-the-world-original.webp","timestamp":"2025-09-06T13:10:33.710Z"}
{"level":"info","message":"Created original webp image: city-on-winter-original.webp","timestamp":"2025-09-06T13:10:35.188Z"}
{"level":"info","message":"Created original webp image: wild-forest-original.webp","timestamp":"2025-09-06T13:10:37.446Z"}
